<?xml version="1.0" encoding="UTF-8"?>
<!-- Generated by org.testng.reporters.JUnitReportReporter -->
<testsuite skipped="0" hostname="DESKTOP-9UPLSBP" name="com.HybridFrameWork.getBookingId4" tests="2" failures="0" timestamp="23 Nov 2017 11:50:21 GMT" time="76.520" errors="0">
  <testcase name="BookingId4" time="31.492" classname="com.HybridFrameWork.getBookingId4"/>
  <testcase name="BookingId4" time="45.028" classname="com.HybridFrameWork.getBookingId4"/>
</testsuite> <!-- com.HybridFrameWork.getBookingId4 -->
