<?xml version="1.0" encoding="UTF-8"?>
<!-- Generated by org.testng.reporters.JUnitReportReporter -->
<testsuite skipped="0" hostname="DESKTOP-9UPLSBP" name="com.HybridFrameWork.getBookingId5" tests="2" failures="0" timestamp="23 Nov 2017 11:50:21 GMT" time="102.610" errors="0">
  <testcase name="BookingId5" time="57.514" classname="com.HybridFrameWork.getBookingId5"/>
  <testcase name="BookingId5" time="45.096" classname="com.HybridFrameWork.getBookingId5"/>
</testsuite> <!-- com.HybridFrameWork.getBookingId5 -->
