<?xml version="1.0" encoding="UTF-8"?>
<!-- Generated by org.testng.reporters.JUnitReportReporter -->
<testsuite skipped="0" hostname="DESKTOP-9UPLSBP" name="com.HybridFrameWork.getBookingId6" tests="2" failures="0" timestamp="23 Nov 2017 11:50:21 GMT" time="102.562" errors="0">
  <testcase name="BookingId6" time="61.354" classname="com.HybridFrameWork.getBookingId6"/>
  <testcase name="BookingId6" time="41.208" classname="com.HybridFrameWork.getBookingId6"/>
</testsuite> <!-- com.HybridFrameWork.getBookingId6 -->
