<?xml version="1.0" encoding="UTF-8"?>
<!-- Generated by org.testng.reporters.JUnitReportReporter -->
<testsuite skipped="0" hostname="DESKTOP-9UPLSBP" name="com.HybridFrameWork.Test2" tests="7" failures="0" timestamp="23 Dec 2017 07:38:12 GMT" time="0.046" errors="0">
  <testcase name="testLogin" time="0.003" classname="com.HybridFrameWork.Test2"/>
  <testcase name="testLogin" time="0.003" classname="com.HybridFrameWork.Test2"/>
  <testcase name="testLogin" time="0.001" classname="com.HybridFrameWork.Test2"/>
  <testcase name="testLogin" time="0.001" classname="com.HybridFrameWork.Test2"/>
  <testcase name="testLogin" time="0.033" classname="com.HybridFrameWork.Test2"/>
  <testcase name="testLogin" time="0.003" classname="com.HybridFrameWork.Test2"/>
  <testcase name="testLogin" time="0.002" classname="com.HybridFrameWork.Test2"/>
</testsuite> <!-- com.HybridFrameWork.Test2 -->
