<?xml version="1.0" encoding="UTF-8"?>
<!-- Generated by org.testng.reporters.JUnitReportReporter -->
<testsuite skipped="0" hostname="DESKTOP-9UPLSBP" name="com.HybridFrameWork.Test2" tests="1" failures="0" timestamp="11 Jan 2018 05:32:01 GMT" time="3.185" errors="0">
  <testcase name="test1" time="3.185" classname="com.HybridFrameWork.Test2"/>
</testsuite> <!-- com.HybridFrameWork.Test2 -->
